Using pre-set license
Built from '2021.3/staging' branch; Version is '2021.3.11f1 (0a5ca18544bf) revision 679073'; Using compiler version '192829333'; Build Type 'Release'
OS: 'Windows 10  (10.0.19044) 64bit Professional' Language: 'en' Physical Memory: 6005 MB
BatchMode: 1, IsHumanControllingUs: 0, StartBugReporterOnCrash: 0, Is64bit: 1, IsPro: 1

COMMAND LINE ARGUMENTS:
C:\Program Files\Unity\2021.3.11f1\Editor\Unity.exe
-adb2
-batchMode
-noUpm
-name
AssetImportWorker2
-projectPath
C:/Users/Aviran/Documents/GitHub/UnityPersonalProj/PlatformerClient
-logFile
Logs/AssetImportWorker2.log
-srvPort
57640
Successfully changed project path to: C:/Users/Aviran/Documents/GitHub/UnityPersonalProj/PlatformerClient
C:/Users/Aviran/Documents/GitHub/UnityPersonalProj/PlatformerClient
[UnityMemory] Configuration Parameters - Can be set up in boot.config
    "memorysetup-bucket-allocator-granularity=16"
    "memorysetup-bucket-allocator-bucket-count=8"
    "memorysetup-bucket-allocator-block-size=33554432"
    "memorysetup-bucket-allocator-block-count=8"
    "memorysetup-main-allocator-block-size=16777216"
    "memorysetup-thread-allocator-block-size=16777216"
    "memorysetup-gfx-main-allocator-block-size=16777216"
    "memorysetup-gfx-thread-allocator-block-size=16777216"
    "memorysetup-cache-allocator-block-size=4194304"
    "memorysetup-typetree-allocator-block-size=2097152"
    "memorysetup-profiler-bucket-allocator-granularity=16"
    "memorysetup-profiler-bucket-allocator-bucket-count=8"
    "memorysetup-profiler-bucket-allocator-block-size=33554432"
    "memorysetup-profiler-bucket-allocator-block-count=8"
    "memorysetup-profiler-allocator-block-size=16777216"
    "memorysetup-profiler-editor-allocator-block-size=1048576"
    "memorysetup-temp-allocator-size-main=16777216"
    "memorysetup-job-temp-allocator-block-size=2097152"
    "memorysetup-job-temp-allocator-block-size-background=1048576"
    "memorysetup-job-temp-allocator-reduction-small-platforms=262144"
    "memorysetup-temp-allocator-size-background-worker=32768"
    "memorysetup-temp-allocator-size-job-worker=262144"
    "memorysetup-temp-allocator-size-preload-manager=33554432"
    "memorysetup-temp-allocator-size-nav-mesh-worker=65536"
    "memorysetup-temp-allocator-size-audio-worker=65536"
    "memorysetup-temp-allocator-size-cloud-worker=32768"
    "memorysetup-temp-allocator-size-gi-baking-worker=262144"
    "memorysetup-temp-allocator-size-gfx=262144"
Refreshing native plugins compatible for Editor in 107.46 ms, found 4 plugins.
Preloading 0 native plugins for Editor in 0.00 ms.
Initialize engine version: 2021.3.11f1 (0a5ca18544bf)
[Subsystems] Discovering subsystems at path C:/Program Files/Unity/2021.3.11f1/Editor/Data/Resources/UnitySubsystems
[Subsystems] Discovering subsystems at path C:/Users/Aviran/Documents/GitHub/UnityPersonalProj/PlatformerClient/Assets
GfxDevice: creating device client; threaded=0; jobified=0
Direct3D:
    Version:  Direct3D 11.0 [level 11.1]
    Renderer: AMD Radeon(TM) Graphics (ID=0x164c)
    Vendor:   ATI
    VRAM:     3002 MB
    Driver:   27.20.15026.8004
Initialize mono
Mono path[0] = 'C:/Program Files/Unity/2021.3.11f1/Editor/Data/Managed'
Mono path[1] = 'C:/Program Files/Unity/2021.3.11f1/Editor/Data/MonoBleedingEdge/lib/mono/unityjit-win32'
Mono config path = 'C:/Program Files/Unity/2021.3.11f1/Editor/Data/MonoBleedingEdge/etc'
Using monoOptions --debugger-agent=transport=dt_socket,embedding=1,server=y,suspend=n,address=127.0.0.1:56164
Begin MonoManager ReloadAssembly
Registering precompiled unity dll's ...
Register platform support module: C:/Program Files/Unity/2021.3.11f1/Editor/Data/PlaybackEngines/WindowsStandaloneSupport/UnityEditor.WindowsStandalone.Extensions.dll
Registered in 0.007350 seconds.
Native extension for WindowsStandalone target not found
Refreshing native plugins compatible for Editor in 99.93 ms, found 4 plugins.
Preloading 0 native plugins for Editor in 0.00 ms.
Mono: successfully reloaded assembly
- Completed reload, in  0.780 seconds
Domain Reload Profiling:
	ReloadAssembly (780ms)
		BeginReloadAssembly (124ms)
			ExecutionOrderSort (0ms)
			DisableScriptedObjects (0ms)
			BackupInstance (0ms)
			ReleaseScriptingObjects (0ms)
			CreateAndSetChildDomain (1ms)
		EndReloadAssembly (530ms)
			LoadAssemblies (122ms)
			RebuildTransferFunctionScriptingTraits (0ms)
			SetupTypeCache (107ms)
			ReleaseScriptCaches (0ms)
			RebuildScriptCaches (40ms)
			SetupLoadedEditorAssemblies (326ms)
				LogAssemblyErrors (0ms)
				InitializePlatformSupportModulesInManaged (9ms)
				SetLoadedEditorAssemblies (0ms)
				RefreshPlugins (100ms)
				BeforeProcessingInitializeOnLoad (1ms)
				ProcessInitializeOnLoadAttributes (161ms)
				ProcessInitializeOnLoadMethodAttributes (55ms)
				AfterProcessingInitializeOnLoad (0ms)
				EditorAssembliesLoaded (0ms)
			ExecutionOrderSort2 (0ms)
			AwakeInstancesAfterBackupRestoration (0ms)
Platform modules already initialized, skipping
Registering precompiled user dll's ...
Registered in 0.017714 seconds.
Begin MonoManager ReloadAssembly
Symbol file LoadedFromMemory doesn't match image C:\Users\Aviran\Documents\GitHub\UnityPersonalProj\PlatformerClient\Library\PackageCache\com.unity.visualscripting@1.7.8\Editor\VisualScripting.Core\Dependencies\YamlDotNet\Unity.VisualScripting.YamlDotNet.dll
Symbol file LoadedFromMemory doesn't match image C:\Users\Aviran\Documents\GitHub\UnityPersonalProj\PlatformerClient\Library\PackageCache\com.unity.visualscripting@1.7.8\Editor\VisualScripting.Core\Dependencies\DotNetZip\Unity.VisualScripting.IonicZip.dll
Native extension for WindowsStandalone target not found
Refreshing native plugins compatible for Editor in 97.01 ms, found 4 plugins.
Preloading 0 native plugins for Editor in 0.00 ms.
Mono: successfully reloaded assembly
- Completed reload, in  1.728 seconds
Domain Reload Profiling:
	ReloadAssembly (1729ms)
		BeginReloadAssembly (127ms)
			ExecutionOrderSort (0ms)
			DisableScriptedObjects (6ms)
			BackupInstance (0ms)
			ReleaseScriptingObjects (0ms)
			CreateAndSetChildDomain (23ms)
		EndReloadAssembly (1471ms)
			LoadAssemblies (146ms)
			RebuildTransferFunctionScriptingTraits (0ms)
			SetupTypeCache (575ms)
			ReleaseScriptCaches (1ms)
			RebuildScriptCaches (70ms)
			SetupLoadedEditorAssemblies (632ms)
				LogAssemblyErrors (0ms)
				InitializePlatformSupportModulesInManaged (5ms)
				SetLoadedEditorAssemblies (0ms)
				RefreshPlugins (97ms)
				BeforeProcessingInitializeOnLoad (117ms)
				ProcessInitializeOnLoadAttributes (350ms)
				ProcessInitializeOnLoadMethodAttributes (56ms)
				AfterProcessingInitializeOnLoad (7ms)
				EditorAssembliesLoaded (0ms)
			ExecutionOrderSort2 (0ms)
			AwakeInstancesAfterBackupRestoration (6ms)
Platform modules already initialized, skipping
========================================================================
Worker process is ready to serve import requests
Launched and connected shader compiler UnityShaderCompiler.exe after 0.11 seconds
Refreshing native plugins compatible for Editor in 0.97 ms, found 4 plugins.
Preloading 0 native plugins for Editor in 0.00 ms.
Unloading 4083 Unused Serialized files (Serialized files now loaded: 0)
Unloading 44 unused Assets / (229.1 KB). Loaded Objects now: 4534.
Memory consumption went from 151.8 MB to 151.5 MB.
Total: 5.597600 ms (FindLiveObjects: 0.577900 ms CreateObjectMapping: 0.288400 ms MarkObjects: 4.498600 ms  DeleteObjects: 0.229100 ms)

AssetImportParameters requested are different than current active one (requested -> active):
  custom:video-decoder-ogg-theora: a1e56fd34408186e4bbccfd4996cb3dc -> 
  custom:container-muxer-webm: aa71ff27fc2769a1b78a27578f13a17b -> 
  custom:container-demuxer-webm: 4f35f7cbe854078d1ac9338744f61a02 -> 
  custom:video-encoder-webm-vp8: eb34c28f22e8b96e1ab97ce403110664 -> 
  custom:audio-encoder-webm-vorbis: bf7c407c2cedff20999df2af8eb42d56 -> 
  custom:framework-win-MediaFoundation: 216162199b28c13a410421893ffa2e32 -> 
  custom:container-demuxer-ogg: 62fdf1f143b41e24485cea50d1cbac27 -> 
  custom:video-decoder-webm-vp8: 9c59270c3fd7afecdb556c50c9e8de78 -> 
  custom:audio-decoder-ogg-vorbis: bf7c407c2cedff20999df2af8eb42d56 -> 
========================================================================
Received Import Request.
  Time since last request: 643757.996917 seconds.
  path: Assets/ServerSim/DataHolder.cs
  artifactKey: Guid(4e45d66d407fbbe4aa0dab0d7b34fdc6) Importer(815301076,1909f56bfc062723c751e8b465ee728b)
Start importing Assets/ServerSim/DataHolder.cs using Guid(4e45d66d407fbbe4aa0dab0d7b34fdc6) Importer(815301076,1909f56bfc062723c751e8b465ee728b)  -> (artifact id: '6d5c5080a4e1439557eb6e38ae0125ce') in 0.041807 seconds 
========================================================================
Received Import Request.
  Time since last request: 77.655857 seconds.
  path: Assets/ServerSim/MapInstance.cs
  artifactKey: Guid(4199701296356ff4f8c87cb918042417) Importer(815301076,1909f56bfc062723c751e8b465ee728b)
Start importing Assets/ServerSim/MapInstance.cs using Guid(4199701296356ff4f8c87cb918042417) Importer(815301076,1909f56bfc062723c751e8b465ee728b)  -> (artifact id: 'ad39c6c9dc2bc7690b552cc56955aae7') in 0.009248 seconds 
========================================================================
Received Import Request.
  Time since last request: 15.455991 seconds.
  path: Assets/ClientScripts/ComSim.cs
  artifactKey: Guid(6c097f806969d2e4c94b6156048c968f) Importer(815301076,1909f56bfc062723c751e8b465ee728b)
Start importing Assets/ClientScripts/ComSim.cs using Guid(6c097f806969d2e4c94b6156048c968f) Importer(815301076,1909f56bfc062723c751e8b465ee728b)  -> (artifact id: '8606bc9619202944fd63e8d2f57bf3cf') in 0.012518 seconds 
========================================================================
Received Import Request.
  Time since last request: 45.025331 seconds.
  path: Assets/ServerSim/Colider2D.cs
  artifactKey: Guid(c65e3dc94473f9d4d84e97a8173876b1) Importer(815301076,1909f56bfc062723c751e8b465ee728b)
Start importing Assets/ServerSim/Colider2D.cs using Guid(c65e3dc94473f9d4d84e97a8173876b1) Importer(815301076,1909f56bfc062723c751e8b465ee728b)  -> (artifact id: '852240b64a7520251dc671fb726c7182') in 0.009753 seconds 
========================================================================
Received Import Request.
  Time since last request: 387.839754 seconds.
  path: Assets/MidProject/MsgCoder.cs
  artifactKey: Guid(45c77ff9e52041a479651e6e1935a7e0) Importer(815301076,1909f56bfc062723c751e8b465ee728b)
Start importing Assets/MidProject/MsgCoder.cs using Guid(45c77ff9e52041a479651e6e1935a7e0) Importer(815301076,1909f56bfc062723c751e8b465ee728b)  -> (artifact id: 'ab0a9048370f309897b2debee6f9908c') in 0.010082 seconds 
========================================================================
Received Import Request.
  Time since last request: 94425.162985 seconds.
  path: Assets/ClientScripts
  artifactKey: Guid(3253be7e8b368b1448633aa5a9d1dc50) Importer(815301076,1909f56bfc062723c751e8b465ee728b)
Start importing Assets/ClientScripts using Guid(3253be7e8b368b1448633aa5a9d1dc50) Importer(815301076,1909f56bfc062723c751e8b465ee728b)  -> (artifact id: 'ce195550018244bec9e1ba753f029685') in 0.012972 seconds 
